<?xml version="1.0" encoding="UTF-8"?>
<!-- Generated by org.testng.reporters.JUnitReportReporter -->
<testsuite hostname="DESKTOP-BKCMKQK" failures="0" tests="2" name="saucedemo.tests" time="0.978" errors="0" timestamp="2023-11-29T20:56:58 EET" skipped="0">
  <testcase classname="saucedemo.tests" name="logintest" time="0.368"/>
  <system-out/>
  <testcase classname="saucedemo.tests" name="AddToCart" time="0.610"/>
  <system-out/>
</testsuite> <!-- saucedemo.tests -->
